<?xml version="1.0" encoding="UTF-8"?>
<!-- Generated by org.testng.reporters.JUnitReportReporter -->
<testsuite hostname="TestingWorld-PC" name="login.A" tests="2" failures="0" timestamp="7 Jun 2018 15:58:52 GMT" time="0.029" errors="0">
  <testcase name="test02" time="0.027" classname="login.A"/>
  <testcase name="test01" time="0.002" classname="login.A"/>
</testsuite> <!-- login.A -->
