<?xml version="1.0" encoding="UTF-8"?>
<!-- Generated by org.testng.reporters.JUnitReportReporter -->
<testsuite hostname="TestingWorld-PC" name="login.B" tests="2" failures="0" timestamp="7 Jun 2018 15:58:52 GMT" time="0.006" errors="0">
  <testcase name="test02" time="0.003" classname="login.B"/>
  <testcase name="test01" time="0.003" classname="login.B"/>
</testsuite> <!-- login.B -->
